#
# A fatal error has been detected by the Java Runtime Environment:
#
#  EXCEPTION_ACCESS_VIOLATION (0xc0000005) at pc=0x05a7e78e, pid=3728, tid=2508
#
# JRE version: Java(TM) SE Runtime Environment (7.0_67-b01) (build 1.7.0_67-b01)
# Java VM: Java HotSpot(TM) Client VM (24.65-b04 mixed mode, sharing windows-x86 )
# Problematic frame:
# C  [ig7icd32.dll+0x6e78e]
#
# Failed to write core dump. Minidumps are not enabled by default on client versions of Windows
#
# If you would like to submit a bug report, please visit:
#   http://bugreport.sun.com/bugreport/crash.jsp
# The crash happened outside the Java Virtual Machine in native code.
# See problematic frame for where to report the bug.
#

---------------  T H R E A D  ---------------

Current thread (0x04f97000):  JavaThread "LWJGL Application" [_thread_in_native, id=2508, stack(0x05940000,0x05990000)]

siginfo: ExceptionCode=0xc0000005, reading address 0x08e52000

Registers:
EAX=0x00001faa, EBX=0x0598dcd4, ECX=0x00000000, EDX=0x08e51fd0
ESP=0x0598daa4, EBP=0x0598daac, ESI=0x0013e5d8, EDI=0x09151080
EIP=0x05a7e78e, EFLAGS=0x00010207

Top of Stack: (sp=0x0598daa4)
0x0598daa4:   06473bd8 06404b00 0598e398 05b41b60
0x0598dab4:   0013e5d8 06404b00 06463340 0598f320
0x0598dac4:   0598daf0 624e1a39 00000001 00000000
0x0598dad4:   62807dd0 001a5b26 34b64d88 62581f6a
0x0598dae4:   00000002 04f97000 0598de90 00000002
0x0598daf4:   00000000 0598db0c 62581fb8 00000002
0x0598db04:   34b64d88 0598de88 6257a1b4 34b64e1c
0x0598db14:   34b64d88 0598de88 6258d594 34b64d80 

Instructions: (pc=0x05a7e78e)
0x05a7e76e:   48 75 ef e9 80 00 00 00 85 c0 74 5d 8d 9b 00 00
0x05a7e77e:   00 00 66 0f 6f 3a 66 0f 6f 72 10 66 0f 6f 6a 20
0x05a7e78e:   66 0f 6f 62 30 66 0f 6f 5a 40 66 0f 6f 52 50 66
0x05a7e79e:   0f 6f 4a 60 66 0f 6f 42 70 66 0f e7 3f 66 0f e7 


Register to memory mapping:

EAX=0x00001faa is an unknown value
EBX=0x0598dcd4 is pointing into the stack for thread: 0x04f97000
ECX=0x00000000 is an unknown value
EDX=0x08e51fd0 is an unknown value
ESP=0x0598daa4 is pointing into the stack for thread: 0x04f97000
EBP=0x0598daac is pointing into the stack for thread: 0x04f97000
ESI=0x0013e5d8 is an unknown value
EDI=0x09151080 is an unknown value


Stack: [0x05940000,0x05990000],  sp=0x0598daa4,  free space=310k
Native frames: (J=compiled Java code, j=interpreted, Vv=VM code, C=native code)
C  [ig7icd32.dll+0x6e78e]
C  [ig7icd32.dll+0x131b60]
C  [ig7icd32.dll+0x1d88a3]
C  [ig7icd32.dll+0x4e005]
C  [ig7icd32.dll+0x201147]
C  [ig7icd32.dll+0x6dd26]
C  [ig7icd32.dll+0x123450]
C  [ig7icd32.dll+0x124d7a]
C  [lwjgl.dll+0x8508]
j  org.lwjgl.opengl.GL11.glDrawElements(ILjava/nio/ShortBuffer;)V+34
j  com.badlogic.gdx.backends.lwjgl.LwjglGL20.glDrawElements(IIILjava/nio/Buffer;)V+21
j  com.badlogic.gdx.graphics.Mesh.render(Lcom/badlogic/gdx/graphics/glutils/ShaderProgram;IIIZ)V+88
j  com.badlogic.gdx.graphics.Mesh.render(Lcom/badlogic/gdx/graphics/glutils/ShaderProgram;III)V+10
j  com.badlogic.gdx.graphics.g2d.SpriteBatch.flush()V+176
j  com.badlogic.gdx.graphics.g2d.SpriteBatch.end()V+25
j  Screens.SplashScreen.render(F)V+53
j  com.badlogic.gdx.Game.render()V+19
j  com.badlogic.gdx.backends.lwjgl.LwjglApplication.mainLoop()V+684
j  com.badlogic.gdx.backends.lwjgl.LwjglApplication$1.run()V+27
v  ~StubRoutines::call_stub
V  [jvm.dll+0x1410fa]
V  [jvm.dll+0x20567e]
V  [jvm.dll+0x1412c5]
V  [jvm.dll+0x141327]
V  [jvm.dll+0xec6ef]
V  [jvm.dll+0x16252c]
V  [jvm.dll+0x162f87]
V  [jvm.dll+0x1a7489]
C  [msvcr100.dll+0x5c556]
C  [msvcr100.dll+0x5c600]
C  [KERNEL32.DLL+0x1919f]
C  [ntdll.dll+0x4a8cb]
C  [ntdll.dll+0x4a8a1]

Java frames: (J=compiled Java code, j=interpreted, Vv=VM code)
j  org.lwjgl.opengl.GL11.nglDrawElements(IIIJJ)V+0
j  org.lwjgl.opengl.GL11.glDrawElements(ILjava/nio/ShortBuffer;)V+34
j  com.badlogic.gdx.backends.lwjgl.LwjglGL20.glDrawElements(IIILjava/nio/Buffer;)V+21
j  com.badlogic.gdx.graphics.Mesh.render(Lcom/badlogic/gdx/graphics/glutils/ShaderProgram;IIIZ)V+88
j  com.badlogic.gdx.graphics.Mesh.render(Lcom/badlogic/gdx/graphics/glutils/ShaderProgram;III)V+10
j  com.badlogic.gdx.graphics.g2d.SpriteBatch.flush()V+176
j  com.badlogic.gdx.graphics.g2d.SpriteBatch.end()V+25
j  Screens.SplashScreen.render(F)V+53
j  com.badlogic.gdx.Game.render()V+19
j  com.badlogic.gdx.backends.lwjgl.LwjglApplication.mainLoop()V+684
j  com.badlogic.gdx.backends.lwjgl.LwjglApplication$1.run()V+27
v  ~StubRoutines::call_stub

---------------  P R O C E S S  ---------------

Java Threads: ( => current thread )
  0x08784800 JavaThread "LWJGL Timer" daemon [_thread_blocked, id=6336, stack(0x09750000,0x097a0000)]
  0x05058000 JavaThread "AsynchExecutor-Thread" daemon [_thread_blocked, id=6908, stack(0x08dc0000,0x08e10000)]
  0x029cd800 JavaThread "DestroyJavaVM" [_thread_blocked, id=6704, stack(0x00e80000,0x00ed0000)]
=>0x04f97000 JavaThread "LWJGL Application" [_thread_in_native, id=2508, stack(0x05940000,0x05990000)]
  0x028a8c00 JavaThread "Service Thread" daemon [_thread_blocked, id=764, stack(0x04dd0000,0x04e20000)]
  0x028a3c00 JavaThread "C1 CompilerThread0" daemon [_thread_blocked, id=4064, stack(0x04d40000,0x04d90000)]
  0x028a1000 JavaThread "Attach Listener" daemon [_thread_blocked, id=6016, stack(0x04cb0000,0x04d00000)]
  0x028a0000 JavaThread "Signal Dispatcher" daemon [_thread_blocked, id=2760, stack(0x04c20000,0x04c70000)]
  0x02831c00 JavaThread "Finalizer" daemon [_thread_blocked, id=320, stack(0x04b90000,0x04be0000)]
  0x02830400 JavaThread "Reference Handler" daemon [_thread_blocked, id=5364, stack(0x04b00000,0x04b50000)]

Other Threads:
  0x0282ec00 VMThread [stack: 0x04a70000,0x04ac0000] [id=704]
  0x028be400 WatcherThread [stack: 0x04e60000,0x04eb0000] [id=4988]

VM state:not at safepoint (normal execution)

VM Mutex/Monitor currently owned by a thread: None

Heap
 def new generation   total 4928K, used 1505K [0x24800000, 0x24d50000, 0x29d50000)
  eden space 4416K,  22% used [0x24800000, 0x248f87d0, 0x24c50000)
  from space 512K, 100% used [0x24c50000, 0x24cd0000, 0x24cd0000)
  to   space 512K,   0% used [0x24cd0000, 0x24cd0000, 0x24d50000)
 tenured generation   total 10944K, used 2197K [0x29d50000, 0x2a800000, 0x34800000)
   the space 10944K,  20% used [0x29d50000, 0x29f75788, 0x29f75800, 0x2a800000)
 compacting perm gen  total 12288K, used 3476K [0x34800000, 0x35400000, 0x38800000)
   the space 12288K,  28% used [0x34800000, 0x34b65160, 0x34b65200, 0x35400000)
    ro space 10240K,  42% used [0x38800000, 0x38c34650, 0x38c34800, 0x39200000)
    rw space 12288K,  52% used [0x39200000, 0x3984be40, 0x3984c000, 0x39e00000)

Card table byte_map: [0x02910000,0x029c0000] byte_map_base: 0x027ec000

Polling page: 0x00e50000

Code Cache  [0x029d0000, 0x02ac0000, 0x049d0000)
 total_blobs=462 nmethods=202 adapters=197 free_code_cache=31827Kb largest_free_block=32583488

Compilation events (10 events):
Event: 6.192 Thread 0x028a3c00  199             java.net.URLStreamHandler::parseURL (1158 bytes)
Event: 6.209 Thread 0x028a3c00 nmethod 199 0x02ab5c48 code [0x02ab62a0, 0x02ab89c0]
Event: 6.209 Thread 0x028a3c00  200             java.net.URL::getUserInfo (5 bytes)
Event: 6.210 Thread 0x028a3c00 nmethod 200 0x02a6c588 code [0x02a6c680, 0x02a6c700]
Event: 6.210 Thread 0x028a3c00  201             org.lwjgl.opengl.APIUtil::encode (58 bytes)
Event: 6.210 Thread 0x028a3c00 nmethod 201 0x02a6c288 code [0x02a6c3b0, 0x02a6c4b4]
Event: 6.213 Thread 0x028a3c00  202             java.nio.CharBuffer::<init> (22 bytes)
Event: 6.213 Thread 0x028a3c00 nmethod 202 0x02a6c048 code [0x02a6c140, 0x02a6c20c]
Event: 6.216 Thread 0x028a3c00  203             java.util.zip.ZipFile::access$000 (5 bytes)
Event: 6.216 Thread 0x028a3c00 nmethod 203 0x02a6be88 code [0x02a6bf80, 0x02a6bff0]

GC Heap History (8 events):
Event: 0.605 GC heap before
{Heap before GC invocations=0 (full 0):
 def new generation   total 4928K, used 4416K [0x24800000, 0x24d50000, 0x29d50000)
  eden space 4416K, 100% used [0x24800000, 0x24c50000, 0x24c50000)
  from space 512K,   0% used [0x24c50000, 0x24c50000, 0x24cd0000)
  to   space 512K,   0% used [0x24cd0000, 0x24cd0000, 0x24d50000)
 tenured generation   total 10944K, used 0K [0x29d50000, 0x2a800000, 0x34800000)
   the space 10944K,   0% used [0x29d50000, 0x29d50000, 0x29d50200, 0x2a800000)
 compacting perm gen  total 12288K, used 1041K [0x34800000, 0x35400000, 0x38800000)
   the space 12288K,   8% used [0x34800000, 0x34904568, 0x34904600, 0x35400000)
    ro space 10240K,  42% used [0x38800000, 0x38c34650, 0x38c34800, 0x39200000)
    rw space 12288K,  52% used [0x39200000, 0x3984be40, 0x3984c000, 0x39e00000)
Event: 0.611 GC heap after
Heap after GC invocations=1 (full 0):
 def new generation   total 4928K, used 512K [0x24800000, 0x24d50000, 0x29d50000)
  eden space 4416K,   0% used [0x24800000, 0x24800000, 0x24c50000)
  from space 512K, 100% used [0x24cd0000, 0x24d50000, 0x24d50000)
  to   space 512K,   0% used [0x24c50000, 0x24c50000, 0x24cd0000)
 tenured generation   total 10944K, used 524K [0x29d50000, 0x2a800000, 0x34800000)
   the space 10944K,   4% used [0x29d50000, 0x29dd31f8, 0x29dd3200, 0x2a800000)
 compacting perm gen  total 12288K, used 1041K [0x34800000, 0x35400000, 0x38800000)
   the space 12288K,   8% used [0x34800000, 0x34904568, 0x34904600, 0x35400000)
    ro space 10240K,  42% used [0x38800000, 0x38c34650, 0x38c34800, 0x39200000)
    rw space 12288K,  52% used [0x39200000, 0x3984be40, 0x3984c000, 0x39e00000)
}
Event: 1.052 GC heap before
{Heap before GC invocations=1 (full 0):
 def new generation   total 4928K, used 4928K [0x24800000, 0x24d50000, 0x29d50000)
  eden space 4416K, 100% used [0x24800000, 0x24c50000, 0x24c50000)
  from space 512K, 100% used [0x24cd0000, 0x24d50000, 0x24d50000)
  to   space 512K,   0% used [0x24c50000, 0x24c50000, 0x24cd0000)
 tenured generation   total 10944K, used 524K [0x29d50000, 0x2a800000, 0x34800000)
   the space 10944K,   4% used [0x29d50000, 0x29dd31f8, 0x29dd3200, 0x2a800000)
 compacting perm gen  total 12288K, used 1955K [0x34800000, 0x35400000, 0x38800000)
   the space 12288K,  15% used [0x34800000, 0x349e8f90, 0x349e9000, 0x35400000)
    ro space 10240K,  42% used [0x38800000, 0x38c34650, 0x38c34800, 0x39200000)
    rw space 12288K,  52% used [0x39200000, 0x3984be40, 0x3984c000, 0x39e00000)
Event: 1.061 GC heap after
Heap after GC invocations=2 (full 0):
 def new generation   total 4928K, used 511K [0x24800000, 0x24d50000, 0x29d50000)
  eden space 4416K,   0% used [0x24800000, 0x24800000, 0x24c50000)
  from space 512K,  99% used [0x24c50000, 0x24ccfff8, 0x24cd0000)
  to   space 512K,   0% used [0x24cd0000, 0x24cd0000, 0x24d50000)
 tenured generation   total 10944K, used 1506K [0x29d50000, 0x2a800000, 0x34800000)
   the space 10944K,  13% used [0x29d50000, 0x29ec8960, 0x29ec8a00, 0x2a800000)
 compacting perm gen  total 12288K, used 1955K [0x34800000, 0x35400000, 0x38800000)
   the space 12288K,  15% used [0x34800000, 0x349e8f90, 0x349e9000, 0x35400000)
    ro space 10240K,  42% used [0x38800000, 0x38c34650, 0x38c34800, 0x39200000)
    rw space 12288K,  52% used [0x39200000, 0x3984be40, 0x3984c000, 0x39e00000)
}
Event: 1.391 GC heap before
{Heap before GC invocations=2 (full 0):
 def new generation   total 4928K, used 4836K [0x24800000, 0x24d50000, 0x29d50000)
  eden space 4416K,  97% used [0x24800000, 0x24c391b8, 0x24c50000)
  from space 512K,  99% used [0x24c50000, 0x24ccfff8, 0x24cd0000)
  to   space 512K,   0% used [0x24cd0000, 0x24cd0000, 0x24d50000)
 tenured generation   total 10944K, used 1506K [0x29d50000, 0x2a800000, 0x34800000)
   the space 10944K,  13% used [0x29d50000, 0x29ec8960, 0x29ec8a00, 0x2a800000)
 compacting perm gen  total 12288K, used 2104K [0x34800000, 0x35400000, 0x38800000)
   the space 12288K,  17% used [0x34800000, 0x34a0e368, 0x34a0e400, 0x35400000)
    ro space 10240K,  42% used [0x38800000, 0x38c34650, 0x38c34800, 0x39200000)
    rw space 12288K,  52% used [0x39200000, 0x3984be40, 0x3984c000, 0x39e00000)
Event: 1.396 GC heap after
Heap after GC invocations=3 (full 0):
 def new generation   total 4928K, used 166K [0x24800000, 0x24d50000, 0x29d50000)
  eden space 4416K,   0% used [0x24800000, 0x24800000, 0x24c50000)
  from space 512K,  32% used [0x24cd0000, 0x24cf9820, 0x24d50000)
  to   space 512K,   0% used [0x24c50000, 0x24c50000, 0x24cd0000)
 tenured generation   total 10944K, used 1847K [0x29d50000, 0x2a800000, 0x34800000)
   the space 10944K,  16% used [0x29d50000, 0x29f1df08, 0x29f1e000, 0x2a800000)
 compacting perm gen  total 12288K, used 2104K [0x34800000, 0x35400000, 0x38800000)
   the space 12288K,  17% used [0x34800000, 0x34a0e368, 0x34a0e400, 0x35400000)
    ro space 10240K,  42% used [0x38800000, 0x38c34650, 0x38c34800, 0x39200000)
    rw space 12288K,  52% used [0x39200000, 0x3984be40, 0x3984c000, 0x39e00000)
}
Event: 6.136 GC heap before
{Heap before GC invocations=3 (full 0):
 def new generation   total 4928K, used 4582K [0x24800000, 0x24d50000, 0x29d50000)
  eden space 4416K, 100% used [0x24800000, 0x24c50000, 0x24c50000)
  from space 512K,  32% used [0x24cd0000, 0x24cf9820, 0x24d50000)
  to   space 512K,   0% used [0x24c50000, 0x24c50000, 0x24cd0000)
 tenured generation   total 10944K, used 1847K [0x29d50000, 0x2a800000, 0x34800000)
   the space 10944K,  16% used [0x29d50000, 0x29f1df08, 0x29f1e000, 0x2a800000)
 compacting perm gen  total 12288K, used 3384K [0x34800000, 0x35400000, 0x38800000)
   the space 12288K,  27% used [0x34800000, 0x34b4e0b0, 0x34b4e200, 0x35400000)
    ro space 10240K,  42% used [0x38800000, 0x38c34650, 0x38c34800, 0x39200000)
    rw space 12288K,  52% used [0x39200000, 0x3984be40, 0x3984c000, 0x39e00000)
Event: 6.151 GC heap after
Heap after GC invocations=4 (full 0):
 def new generation   total 4928K, used 512K [0x24800000, 0x24d50000, 0x29d50000)
  eden space 4416K,   0% used [0x24800000, 0x24800000, 0x24c50000)
  from space 512K, 100% used [0x24c50000, 0x24cd0000, 0x24cd0000)
  to   space 512K,   0% used [0x24cd0000, 0x24cd0000, 0x24d50000)
 tenured generation   total 10944K, used 2197K [0x29d50000, 0x2a800000, 0x34800000)
   the space 10944K,  20% used [0x29d50000, 0x29f75788, 0x29f75800, 0x2a800000)
 compacting perm gen  total 12288K, used 3384K [0x34800000, 0x35400000, 0x38800000)
   the space 12288K,  27% used [0x34800000, 0x34b4e0b0, 0x34b4e200, 0x35400000)
    ro space 10240K,  42% used [0x38800000, 0x38c34650, 0x38c34800, 0x39200000)
    rw space 12288K,  52% used [0x39200000, 0x3984be40, 0x3984c000, 0x39e00000)
}

Deoptimization events (0 events):
No events

Internal exceptions (10 events):
Event: 6.130 Thread 0x04f97000 Threw 0x24c476d0 at C:\re\jdk7u67\1368\hotspot\src\share\vm\prims\jvm.cpp:1244
Event: 6.134 Thread 0x04f97000 Threw 0x24c4d710 at C:\re\jdk7u67\1368\hotspot\src\share\vm\prims\jvm.cpp:1244
Event: 6.161 Thread 0x04f97000 Threw 0x24803b58 at C:\re\jdk7u67\1368\hotspot\src\share\vm\prims\jvm.cpp:1244
Event: 6.168 Thread 0x04f97000 Threw 0x2480e2b8 at C:\re\jdk7u67\1368\hotspot\src\share\vm\prims\jvm.cpp:1244
Event: 6.172 Thread 0x04f97000 Threw 0x2481d5a8 at C:\re\jdk7u67\1368\hotspot\src\share\vm\prims\jvm.cpp:1244
Event: 6.177 Thread 0x04f97000 Threw 0x24826940 at C:\re\jdk7u67\1368\hotspot\src\share\vm\prims\jvm.cpp:1244
Event: 6.189 Thread 0x04f97000 Threw 0x24837cd0 at C:\re\jdk7u67\1368\hotspot\src\share\vm\prims\jvm.cpp:1244
Event: 6.192 Thread 0x04f97000 Threw 0x2483edb8 at C:\re\jdk7u67\1368\hotspot\src\share\vm\prims\jvm.cpp:1244
Event: 6.197 Thread 0x04f97000 Threw 0x24848828 at C:\re\jdk7u67\1368\hotspot\src\share\vm\prims\jvm.cpp:1244
Event: 6.219 Thread 0x04f97000 Threw 0x248dd8e8 at C:\re\jdk7u67\1368\hotspot\src\share\vm\prims\jvm.cpp:1244

Events (10 events):
Event: 6.177 loading class 0x087c3b98 done
Event: 6.189 loading class 0x08830190
Event: 6.189 loading class 0x08830190 done
Event: 6.192 loading class 0x04fe6838
Event: 6.192 loading class 0x04fe6838 done
Event: 6.197 loading class 0x088301d8
Event: 6.197 loading class 0x088301d8 done
Event: 6.209 Thread 0x028a3c00 flushing nmethod 0x02a6a188
Event: 6.219 loading class 0x087b7460
Event: 6.219 loading class 0x087b7460 done


Dynamic libraries:
0x008c0000 - 0x008ef000 	C:\Program Files (x86)\Java\jre7\bin\javaw.exe
0x77420000 - 0x77588000 	C:\Windows\SYSTEM32\ntdll.dll
0x76bd0000 - 0x76d10000 	C:\Windows\SYSTEM32\KERNEL32.DLL
0x752f0000 - 0x753bf000 	C:\Windows\SYSTEM32\KERNELBASE.dll
0x74b40000 - 0x74bd9000 	C:\Windows\system32\apphelp.dll
0x66db0000 - 0x67009000 	C:\Windows\AppPatch\AcGenral.DLL
0x74eb0000 - 0x74f6e000 	C:\Windows\SYSTEM32\msvcrt.dll
0x76fa0000 - 0x76fde000 	C:\Windows\SYSTEM32\sechost.dll
0x74e50000 - 0x74e6d000 	C:\Windows\SYSTEM32\SspiCli.dll
0x770f0000 - 0x77131000 	C:\Windows\SYSTEM32\SHLWAPI.dll
0x74550000 - 0x7462b000 	C:\Windows\SYSTEM32\UxTheme.dll
0x74f70000 - 0x750bf000 	C:\Windows\SYSTEM32\USER32.dll
0x77140000 - 0x77248000 	C:\Windows\SYSTEM32\GDI32.dll
0x74a80000 - 0x74aa0000 	C:\Windows\SYSTEM32\WINMM.dll
0x746b0000 - 0x746c2000 	C:\Windows\SYSTEM32\samcli.dll
0x76fe0000 - 0x770ec000 	C:\Windows\SYSTEM32\ole32.dll
0x751c0000 - 0x75247000 	C:\Windows\SYSTEM32\OLEAUT32.dll
0x6d6d0000 - 0x6d6e5000 	C:\Windows\SYSTEM32\MSACM32.dll
0x72ec0000 - 0x72ec8000 	C:\Windows\SYSTEM32\VERSION.dll
0x758a0000 - 0x76a4d000 	C:\Windows\SYSTEM32\SHELL32.dll
0x73070000 - 0x73089000 	C:\Windows\SYSTEM32\USERENV.dll
0x744e0000 - 0x744f8000 	C:\Windows\SYSTEM32\dwmapi.dll
0x6a030000 - 0x6a152000 	C:\Windows\SYSTEM32\urlmon.dll
0x77250000 - 0x772c8000 	C:\Windows\SYSTEM32\ADVAPI32.dll
0x72cf0000 - 0x72d4e000 	C:\Windows\SYSTEM32\WINSPOOL.DRV
0x74740000 - 0x74754000 	C:\Windows\SYSTEM32\MPR.dll
0x757e0000 - 0x75891000 	C:\Windows\SYSTEM32\RPCRT4.dll
0x74e40000 - 0x74e49000 	C:\Windows\SYSTEM32\CRYPTBASE.dll
0x75510000 - 0x7565e000 	C:\Windows\SYSTEM32\combase.dll
0x74a50000 - 0x74a70000 	C:\Windows\SYSTEM32\WINMMBASE.dll
0x74220000 - 0x7422e000 	C:\Windows\SYSTEM32\profapi.dll
0x6d2f0000 - 0x6d509000 	C:\Windows\SYSTEM32\iertutil.dll
0x6d510000 - 0x6d6cd000 	C:\Windows\SYSTEM32\WININET.dll
0x74de0000 - 0x74e33000 	C:\Windows\SYSTEM32\bcryptPrimitives.dll
0x74e70000 - 0x74eaa000 	C:\Windows\SYSTEM32\cfgmgr32.dll
0x728b0000 - 0x728cf000 	C:\Windows\SYSTEM32\DEVOBJ.dll
0x74630000 - 0x746a6000 	C:\Windows\SYSTEM32\SHCORE.DLL
0x757a0000 - 0x757c5000 	C:\Windows\system32\IMM32.DLL
0x750c0000 - 0x751b7000 	C:\Windows\SYSTEM32\MSCTF.dll
0x67720000 - 0x67906000 	C:\Windows\WinSxS\x86_microsoft.windows.common-controls_6595b64144ccf1df_6.0.9600.17031_none_a9efdb8b01377ea7\COMCTL32.dll
0x67910000 - 0x679cf000 	C:\Program Files (x86)\Java\jre7\bin\msvcr100.dll
0x624d0000 - 0x62858000 	C:\Program Files (x86)\Java\jre7\bin\client\jvm.dll
0x74dd0000 - 0x74dd8000 	C:\Windows\SYSTEM32\WSOCK32.dll
0x757d0000 - 0x757d6000 	C:\Windows\SYSTEM32\PSAPI.DLL
0x75740000 - 0x7578d000 	C:\Windows\SYSTEM32\WS2_32.dll
0x76f90000 - 0x76f97000 	C:\Windows\SYSTEM32\NSI.dll
0x72ed0000 - 0x72edc000 	C:\Program Files (x86)\Java\jre7\bin\verify.dll
0x68de0000 - 0x68e00000 	C:\Program Files (x86)\Java\jre7\bin\java.dll
0x68dc0000 - 0x68dd3000 	C:\Program Files (x86)\Java\jre7\bin\zip.dll
0x6cec0000 - 0x6cf33000 	C:\Users\harsimran singh\AppData\Local\Temp\libgdxharsimran singh\72d08163\gdx.dll
0x71de0000 - 0x71df8000 	C:\Windows\SYSTEM32\CRYPTSP.dll
0x71db0000 - 0x71ddf000 	C:\Windows\system32\rsaenh.dll
0x71d90000 - 0x71dad000 	C:\Windows\SYSTEM32\bcrypt.dll
0x67700000 - 0x67714000 	C:\Program Files (x86)\Java\jre7\bin\net.dll
0x71ed0000 - 0x71f15000 	C:\Windows\system32\mswsock.dll
0x72530000 - 0x7254e000 	C:\Windows\SYSTEM32\IPHLPAPI.DLL
0x723d0000 - 0x723d8000 	C:\Windows\SYSTEM32\WINNSI.DLL
0x723b0000 - 0x723c2000 	C:\Windows\SYSTEM32\dhcpcsvc6.DLL
0x72250000 - 0x72263000 	C:\Windows\SYSTEM32\dhcpcsvc.DLL
0x72d60000 - 0x72d6f000 	C:\Program Files (x86)\Java\jre7\bin\nio.dll
0x10000000 - 0x1004f000 	C:\Users\harsimran singh\AppData\Local\Temp\libgdxharsimran singh\68069333\lwjgl.dll
0x67150000 - 0x67224000 	C:\Windows\SYSTEM32\OPENGL32.dll
0x676d0000 - 0x676f4000 	C:\Windows\SYSTEM32\GLU32.dll
0x66cc0000 - 0x66da7000 	C:\Windows\SYSTEM32\DDRAW.dll
0x72650000 - 0x72657000 	C:\Windows\SYSTEM32\DCIMAN32.dll
0x05400000 - 0x05465000 	C:\Users\HARSIM~1\AppData\Local\Temp\libgdxharsimran singh\68069333\OpenAL32.dll
0x73b10000 - 0x73b19000 	C:\Windows\SYSTEM32\kernel.appcore.dll
0x772d0000 - 0x7734d000 	C:\Windows\SYSTEM32\clbcatq.dll
0x67600000 - 0x67679000 	C:\Windows\SYSTEM32\dsound.dll
0x72f80000 - 0x72fbe000 	C:\Windows\SYSTEM32\POWRPROF.dll
0x72900000 - 0x7294a000 	C:\Windows\System32\MMDevApi.dll
0x6da10000 - 0x6da65000 	C:\Windows\SYSTEM32\AUDIOSES.DLL
0x05a10000 - 0x0600f000 	C:\Windows\SYSTEM32\ig7icd32.dll
0x6da70000 - 0x6dddb000 	C:\Windows\SYSTEM32\igdusc32.dll
0x72680000 - 0x726f7000 	C:\Windows\SYSTEM32\mscms.dll
0x66c80000 - 0x66cbb000 	C:\Windows\SYSTEM32\icm32.dll
0x05690000 - 0x05698000 	C:\Program Files (x86)\Internet Download Manager\idmmkb.dll
0x723e0000 - 0x72528000 	C:\Windows\SYSTEM32\dbghelp.dll

VM Arguments:
jvm_args: -Dfile.encoding=Cp1252 
java_command: com.mygdx.ramsumgame.desktop.DesktopLauncher
Launcher Type: SUN_STANDARD

Environment Variables:
JAVA_HOME=C:\Program Files\Java\jdk1.8.0_20
CLASSPATH=.;C:\Program Files\Java\jdk1.8.0_20\bin;C:\Program Files\Java\jre1.8.0_20\bin
PATH=C:/Program Files (x86)/Java/jre1.8.0_25/bin/client;C:/Program Files (x86)/Java/jre1.8.0_25/bin;C:/Program Files (x86)/Java/jre1.8.0_25/lib/i386;C:\ProgramData\Oracle\Java\javapath;C:\Program Files (x86)\Intel\TXE Components\TCS\;C:\Program Files\Intel\TXE Components\TCS\;C:\Windows\system32;C:\Windows;C:\Windows\System32\Wbem;C:\Windows\System32\WindowsPowerShell\v1.0\;C:\Program Files\Hewlett-Packard\SimplePass\;C:\Program Files (x86)\Windows Live\Shared;C:\Program Files\Java\jdk1.8.0_20\bin;C:\Program Files\Microsoft\Web Platform Installer\;C:\Users\harsimran singh\Downloads\Softwares\worklight6\eclipse;
USERNAME=harsimran singh
OS=Windows_NT
PROCESSOR_IDENTIFIER=Intel64 Family 6 Model 55 Stepping 8, GenuineIntel



---------------  S Y S T E M  ---------------

OS: Windows 8.1 , 64 bit Build 9600 

CPU:total 4 (4 cores per cpu, 1 threads per core) family 6 model 55 stepping 8, cmov, cx8, fxsr, mmx, sse, sse2, sse3, ssse3, sse4.1, sse4.2, popcnt, erms, tsc, tscinvbit

Memory: 4k page, physical 4079888k(1879740k free), swap 6622944k(3988328k free)

vm_info: Java HotSpot(TM) Client VM (24.65-b04) for windows-x86 JRE (1.7.0_67-b01), built on Jul 25 2014 10:20:53 by "java_re" with unknown MS VC++:1600

time: Wed May 04 10:54:54 2016
elapsed time: 6 seconds

